<?xml version="1.0" encoding="UTF-8"?>
<!-- Generated by org.testng.reporters.JUnitReportReporter -->
<testsuite skipped="0" hostname="CPX-SPB5QN69K0X" name="com.accenture.Calculadora.TestCalculadora" tests="1" failures="0" timestamp="20 Jun 2018 00:22:50 GMT" time="338.527" errors="0">
  <testcase name="mytest" time="338.527" classname="com.accenture.Calculadora.TestCalculadora"/>
</testsuite> <!-- com.accenture.Calculadora.TestCalculadora -->
