<?xml version="1.0" encoding="UTF-8"?>
<!-- Generated by org.testng.reporters.JUnitReportReporter -->
<testsuite skipped="1" hostname="CPX-SPB5QN69K0X" name="com.accenture.Calculadora.GenerateExtentReport" tests="3" failures="0" timestamp="20 Jun 2018 00:49:35 GMT" time="0.093" errors="0">
  <testcase name="demoTestPass" time="0.031" classname="com.accenture.Calculadora.GenerateExtentReport"/>
  <testcase name="demoTestFail" time="0.015" classname="com.accenture.Calculadora.GenerateExtentReport"/>
  <testcase name="demoTestSkip" time="0.047" classname="com.accenture.Calculadora.GenerateExtentReport">
    <skipped/>
  </testcase> <!-- demoTestSkip -->
</testsuite> <!-- com.accenture.Calculadora.GenerateExtentReport -->
